<?xml version="1.0" encoding="UTF-8"?>
<!-- Generated by org.testng.reporters.JUnitXMLReporter -->
<testsuite ignored="3" hostname="puja" failures="0" tests="2" name="Default test(failed)" time="0.062" errors="0" timestamp="2021-11-02T13:41:02 IST">
  <testcase classname="com.testng.TestingFailedFile" name="Test5" time="0.011"/>
  <testcase classname="com.testng.TestingFailedFile" name="Test3" time="0.001"/>
  <testcase classname="com.testng.TestingFailedFile" name="Test1" time="0.0">
    <ignored/>
  </testcase> <!-- Test1 -->
  <testcase classname="com.testng.TestingFailedFile" name="Test2" time="0.0">
    <ignored/>
  </testcase> <!-- Test2 -->
  <testcase classname="com.testng.TestingFailedFile" name="Test4" time="0.0">
    <ignored/>
  </testcase> <!-- Test4 -->
</testsuite> <!-- Default test(failed) -->
